2024-10-16 13:51:06,262 - httpx - INFO - HTTP Request: POST https://api.telegram.org/bot7586081851:AAGYU8S1KY58lT2fLSqZomhxArUAjz85XEA/getMe "HTTP/1.1 200 OK"
2024-10-16 13:51:06,457 - httpx - INFO - HTTP Request: POST https://api.telegram.org/bot7586081851:AAGYU8S1KY58lT2fLSqZomhxArUAjz85XEA/deleteWebhook "HTTP/1.1 200 OK"
2024-10-16 13:51:06,461 - telegram.ext.Application - INFO - Application started
2024-10-16 13:51:07,061 - httpx - INFO - HTTP Request: POST https://api.telegram.org/bot7586081851:AAGYU8S1KY58lT2fLSqZomhxArUAjz85XEA/getUpdates "HTTP/1.1 200 OK"
2024-10-16 13:51:07,419 - httpx - INFO - HTTP Request: POST https://api.telegram.org/bot7586081851:AAGYU8S1KY58lT2fLSqZomhxArUAjz85XEA/sendMessage "HTTP/1.1 200 OK"
2024-10-16 13:51:17,390 - httpx - INFO - HTTP Request: POST https://api.telegram.org/bot7586081851:AAGYU8S1KY58lT2fLSqZomhxArUAjz85XEA/getUpdates "HTTP/1.1 200 OK"
2024-10-16 13:51:20,660 - httpx - INFO - HTTP Request: POST https://api.telegram.org/bot7586081851:AAGYU8S1KY58lT2fLSqZomhxArUAjz85XEA/getUpdates "HTTP/1.1 200 OK"
2024-10-16 13:51:21,352 - httpx - INFO - HTTP Request: POST https://api.telegram.org/bot7586081851:AAGYU8S1KY58lT2fLSqZomhxArUAjz85XEA/sendMessage "HTTP/1.1 200 OK"
2024-10-16 13:51:25,168 - httpx - INFO - HTTP Request: POST https://api.telegram.org/bot7586081851:AAGYU8S1KY58lT2fLSqZomhxArUAjz85XEA/getUpdates "HTTP/1.1 200 OK"
2024-10-16 13:51:25,443 - httpx - INFO - HTTP Request: POST https://api.telegram.org/bot7586081851:AAGYU8S1KY58lT2fLSqZomhxArUAjz85XEA/sendMessage "HTTP/1.1 200 OK"
2024-10-16 13:51:27,540 - httpx - INFO - HTTP Request: POST https://api.telegram.org/bot7586081851:AAGYU8S1KY58lT2fLSqZomhxArUAjz85XEA/getUpdates "HTTP/1.1 200 OK"
2024-10-16 13:51:27,861 - httpx - INFO - HTTP Request: POST https://api.telegram.org/bot7586081851:AAGYU8S1KY58lT2fLSqZomhxArUAjz85XEA/sendMessage "HTTP/1.1 200 OK"
2024-10-16 13:51:29,964 - httpx - INFO - HTTP Request: POST https://api.telegram.org/bot7586081851:AAGYU8S1KY58lT2fLSqZomhxArUAjz85XEA/getUpdates "HTTP/1.1 200 OK"
2024-10-16 13:51:30,257 - httpx - INFO - HTTP Request: POST https://api.telegram.org/bot7586081851:AAGYU8S1KY58lT2fLSqZomhxArUAjz85XEA/sendMessage "HTTP/1.1 200 OK"
2024-10-16 13:51:31,856 - httpx - INFO - HTTP Request: POST https://api.telegram.org/bot7586081851:AAGYU8S1KY58lT2fLSqZomhxArUAjz85XEA/getUpdates "HTTP/1.1 200 OK"
2024-10-16 13:51:32,208 - httpx - INFO - HTTP Request: POST https://api.telegram.org/bot7586081851:AAGYU8S1KY58lT2fLSqZomhxArUAjz85XEA/sendMessage "HTTP/1.1 200 OK"
2024-10-16 13:51:33,856 - httpx - INFO - HTTP Request: POST https://api.telegram.org/bot7586081851:AAGYU8S1KY58lT2fLSqZomhxArUAjz85XEA/getUpdates "HTTP/1.1 200 OK"
2024-10-16 13:51:34,143 - httpx - INFO - HTTP Request: POST https://api.telegram.org/bot7586081851:AAGYU8S1KY58lT2fLSqZomhxArUAjz85XEA/sendMessage "HTTP/1.1 200 OK"
2024-10-16 13:51:44,110 - httpx - INFO - HTTP Request: POST https://api.telegram.org/bot7586081851:AAGYU8S1KY58lT2fLSqZomhxArUAjz85XEA/getUpdates "HTTP/1.1 200 OK"
2024-10-16 13:51:54,299 - httpx - INFO - HTTP Request: POST https://api.telegram.org/bot7586081851:AAGYU8S1KY58lT2fLSqZomhxArUAjz85XEA/getUpdates "HTTP/1.1 200 OK"
2024-10-16 13:51:58,225 - httpx - INFO - HTTP Request: POST https://api.telegram.org/bot7586081851:AAGYU8S1KY58lT2fLSqZomhxArUAjz85XEA/getUpdates "HTTP/1.1 200 OK"
2024-10-16 13:51:59,056 - httpx - INFO - HTTP Request: POST https://api.telegram.org/bot7586081851:AAGYU8S1KY58lT2fLSqZomhxArUAjz85XEA/sendMessage "HTTP/1.1 200 OK"
2024-10-16 13:52:08,464 - httpx - INFO - HTTP Request: POST https://api.telegram.org/bot7586081851:AAGYU8S1KY58lT2fLSqZomhxArUAjz85XEA/getUpdates "HTTP/1.1 200 OK"
2024-10-16 13:52:18,786 - httpx - INFO - HTTP Request: POST https://api.telegram.org/bot7586081851:AAGYU8S1KY58lT2fLSqZomhxArUAjz85XEA/getUpdates "HTTP/1.1 200 OK"
2024-10-16 13:52:29,003 - httpx - INFO - HTTP Request: POST https://api.telegram.org/bot7586081851:AAGYU8S1KY58lT2fLSqZomhxArUAjz85XEA/getUpdates "HTTP/1.1 200 OK"
2024-10-16 13:52:39,186 - httpx - INFO - HTTP Request: POST https://api.telegram.org/bot7586081851:AAGYU8S1KY58lT2fLSqZomhxArUAjz85XEA/getUpdates "HTTP/1.1 200 OK"
2024-10-16 13:52:49,367 - httpx - INFO - HTTP Request: POST https://api.telegram.org/bot7586081851:AAGYU8S1KY58lT2fLSqZomhxArUAjz85XEA/getUpdates "HTTP/1.1 200 OK"
2024-10-16 13:52:59,700 - httpx - INFO - HTTP Request: POST https://api.telegram.org/bot7586081851:AAGYU8S1KY58lT2fLSqZomhxArUAjz85XEA/getUpdates "HTTP/1.1 200 OK"
2024-10-16 13:53:09,900 - httpx - INFO - HTTP Request: POST https://api.telegram.org/bot7586081851:AAGYU8S1KY58lT2fLSqZomhxArUAjz85XEA/getUpdates "HTTP/1.1 200 OK"
2024-10-16 13:53:20,098 - httpx - INFO - HTTP Request: POST https://api.telegram.org/bot7586081851:AAGYU8S1KY58lT2fLSqZomhxArUAjz85XEA/getUpdates "HTTP/1.1 200 OK"
2024-10-16 13:53:30,339 - httpx - INFO - HTTP Request: POST https://api.telegram.org/bot7586081851:AAGYU8S1KY58lT2fLSqZomhxArUAjz85XEA/getUpdates "HTTP/1.1 200 OK"
2024-10-16 13:53:40,581 - httpx - INFO - HTTP Request: POST https://api.telegram.org/bot7586081851:AAGYU8S1KY58lT2fLSqZomhxArUAjz85XEA/getUpdates "HTTP/1.1 200 OK"
2024-10-16 13:53:44,638 - telegram.ext.Application - INFO - Application is stopping. This might take a moment.
2024-10-16 13:53:44,641 - telegram.ext.Application - INFO - Application.stop() complete
2024-10-16 13:59:30,025 - httpx - INFO - HTTP Request: POST https://api.telegram.org/bot7586081851:AAGYU8S1KY58lT2fLSqZomhxArUAjz85XEA/getMe "HTTP/1.1 200 OK"
2024-10-16 13:59:30,220 - httpx - INFO - HTTP Request: POST https://api.telegram.org/bot7586081851:AAGYU8S1KY58lT2fLSqZomhxArUAjz85XEA/deleteWebhook "HTTP/1.1 200 OK"
2024-10-16 13:59:30,224 - telegram.ext.Application - INFO - Application started
2024-10-16 13:59:40,960 - httpx - INFO - HTTP Request: POST https://api.telegram.org/bot7586081851:AAGYU8S1KY58lT2fLSqZomhxArUAjz85XEA/getUpdates "HTTP/1.1 200 OK"
2024-10-16 13:59:43,151 - httpx - INFO - HTTP Request: POST https://api.telegram.org/bot7586081851:AAGYU8S1KY58lT2fLSqZomhxArUAjz85XEA/getUpdates "HTTP/1.1 200 OK"
2024-10-16 13:59:43,944 - httpx - INFO - HTTP Request: POST https://api.telegram.org/bot7586081851:AAGYU8S1KY58lT2fLSqZomhxArUAjz85XEA/sendMessage "HTTP/1.1 200 OK"
2024-10-16 13:59:53,545 - httpx - INFO - HTTP Request: POST https://api.telegram.org/bot7586081851:AAGYU8S1KY58lT2fLSqZomhxArUAjz85XEA/getUpdates "HTTP/1.1 200 OK"
2024-10-16 14:00:03,781 - httpx - INFO - HTTP Request: POST https://api.telegram.org/bot7586081851:AAGYU8S1KY58lT2fLSqZomhxArUAjz85XEA/getUpdates "HTTP/1.1 200 OK"
2024-10-16 14:00:12,025 - httpx - INFO - HTTP Request: POST https://api.telegram.org/bot7586081851:AAGYU8S1KY58lT2fLSqZomhxArUAjz85XEA/getUpdates "HTTP/1.1 200 OK"
2024-10-16 14:00:14,035 - httpx - INFO - HTTP Request: POST https://api.telegram.org/bot7586081851:AAGYU8S1KY58lT2fLSqZomhxArUAjz85XEA/sendMessage "HTTP/1.1 200 OK"
2024-10-16 14:00:17,788 - httpx - INFO - HTTP Request: POST https://api.telegram.org/bot7586081851:AAGYU8S1KY58lT2fLSqZomhxArUAjz85XEA/getUpdates "HTTP/1.1 200 OK"
2024-10-16 14:00:18,183 - httpx - INFO - HTTP Request: POST https://api.telegram.org/bot7586081851:AAGYU8S1KY58lT2fLSqZomhxArUAjz85XEA/sendMessage "HTTP/1.1 200 OK"
2024-10-16 14:00:19,701 - httpx - INFO - HTTP Request: POST https://api.telegram.org/bot7586081851:AAGYU8S1KY58lT2fLSqZomhxArUAjz85XEA/getUpdates "HTTP/1.1 200 OK"
2024-10-16 14:00:19,985 - httpx - INFO - HTTP Request: POST https://api.telegram.org/bot7586081851:AAGYU8S1KY58lT2fLSqZomhxArUAjz85XEA/sendMessage "HTTP/1.1 200 OK"
2024-10-16 14:00:29,945 - httpx - INFO - HTTP Request: POST https://api.telegram.org/bot7586081851:AAGYU8S1KY58lT2fLSqZomhxArUAjz85XEA/getUpdates "HTTP/1.1 200 OK"
2024-10-16 14:00:35,382 - httpx - INFO - HTTP Request: POST https://api.telegram.org/bot7586081851:AAGYU8S1KY58lT2fLSqZomhxArUAjz85XEA/getUpdates "HTTP/1.1 200 OK"
2024-10-16 14:00:36,105 - httpx - INFO - HTTP Request: POST https://api.telegram.org/bot7586081851:AAGYU8S1KY58lT2fLSqZomhxArUAjz85XEA/sendMessage "HTTP/1.1 200 OK"
2024-10-16 14:00:45,621 - httpx - INFO - HTTP Request: POST https://api.telegram.org/bot7586081851:AAGYU8S1KY58lT2fLSqZomhxArUAjz85XEA/getUpdates "HTTP/1.1 200 OK"
2024-10-16 14:00:47,290 - httpx - INFO - HTTP Request: POST https://api.telegram.org/bot7586081851:AAGYU8S1KY58lT2fLSqZomhxArUAjz85XEA/getUpdates "HTTP/1.1 200 OK"
2024-10-16 14:00:48,075 - httpx - INFO - HTTP Request: POST https://api.telegram.org/bot7586081851:AAGYU8S1KY58lT2fLSqZomhxArUAjz85XEA/sendMessage "HTTP/1.1 200 OK"
2024-10-16 14:00:53,993 - httpx - INFO - HTTP Request: POST https://api.telegram.org/bot7586081851:AAGYU8S1KY58lT2fLSqZomhxArUAjz85XEA/getUpdates "HTTP/1.1 200 OK"
2024-10-16 14:00:54,595 - httpx - INFO - HTTP Request: POST https://api.telegram.org/bot7586081851:AAGYU8S1KY58lT2fLSqZomhxArUAjz85XEA/sendMessage "HTTP/1.1 200 OK"
2024-10-16 14:01:04,191 - httpx - INFO - HTTP Request: POST https://api.telegram.org/bot7586081851:AAGYU8S1KY58lT2fLSqZomhxArUAjz85XEA/getUpdates "HTTP/1.1 200 OK"
2024-10-16 14:01:14,423 - httpx - INFO - HTTP Request: POST https://api.telegram.org/bot7586081851:AAGYU8S1KY58lT2fLSqZomhxArUAjz85XEA/getUpdates "HTTP/1.1 200 OK"
2024-10-16 14:01:24,665 - httpx - INFO - HTTP Request: POST https://api.telegram.org/bot7586081851:AAGYU8S1KY58lT2fLSqZomhxArUAjz85XEA/getUpdates "HTTP/1.1 200 OK"
2024-10-16 14:01:34,903 - httpx - INFO - HTTP Request: POST https://api.telegram.org/bot7586081851:AAGYU8S1KY58lT2fLSqZomhxArUAjz85XEA/getUpdates "HTTP/1.1 200 OK"
2024-10-16 14:01:45,143 - httpx - INFO - HTTP Request: POST https://api.telegram.org/bot7586081851:AAGYU8S1KY58lT2fLSqZomhxArUAjz85XEA/getUpdates "HTTP/1.1 200 OK"
2024-10-16 14:01:55,387 - httpx - INFO - HTTP Request: POST https://api.telegram.org/bot7586081851:AAGYU8S1KY58lT2fLSqZomhxArUAjz85XEA/getUpdates "HTTP/1.1 200 OK"
2024-10-16 14:02:05,594 - httpx - INFO - HTTP Request: POST https://api.telegram.org/bot7586081851:AAGYU8S1KY58lT2fLSqZomhxArUAjz85XEA/getUpdates "HTTP/1.1 200 OK"
2024-10-16 14:02:15,783 - httpx - INFO - HTTP Request: POST https://api.telegram.org/bot7586081851:AAGYU8S1KY58lT2fLSqZomhxArUAjz85XEA/getUpdates "HTTP/1.1 200 OK"
2024-10-16 14:02:26,026 - httpx - INFO - HTTP Request: POST https://api.telegram.org/bot7586081851:AAGYU8S1KY58lT2fLSqZomhxArUAjz85XEA/getUpdates "HTTP/1.1 200 OK"
2024-10-16 14:02:36,263 - httpx - INFO - HTTP Request: POST https://api.telegram.org/bot7586081851:AAGYU8S1KY58lT2fLSqZomhxArUAjz85XEA/getUpdates "HTTP/1.1 200 OK"
2024-10-16 14:02:46,511 - httpx - INFO - HTTP Request: POST https://api.telegram.org/bot7586081851:AAGYU8S1KY58lT2fLSqZomhxArUAjz85XEA/getUpdates "HTTP/1.1 200 OK"
2024-10-16 14:02:56,745 - httpx - INFO - HTTP Request: POST https://api.telegram.org/bot7586081851:AAGYU8S1KY58lT2fLSqZomhxArUAjz85XEA/getUpdates "HTTP/1.1 200 OK"
2024-10-16 14:03:06,934 - httpx - INFO - HTTP Request: POST https://api.telegram.org/bot7586081851:AAGYU8S1KY58lT2fLSqZomhxArUAjz85XEA/getUpdates "HTTP/1.1 200 OK"
2024-10-16 14:03:17,111 - httpx - INFO - HTTP Request: POST https://api.telegram.org/bot7586081851:AAGYU8S1KY58lT2fLSqZomhxArUAjz85XEA/getUpdates "HTTP/1.1 200 OK"
2024-10-16 14:03:27,308 - httpx - INFO - HTTP Request: POST https://api.telegram.org/bot7586081851:AAGYU8S1KY58lT2fLSqZomhxArUAjz85XEA/getUpdates "HTTP/1.1 200 OK"
2024-10-16 14:03:37,541 - httpx - INFO - HTTP Request: POST https://api.telegram.org/bot7586081851:AAGYU8S1KY58lT2fLSqZomhxArUAjz85XEA/getUpdates "HTTP/1.1 200 OK"
2024-10-16 14:03:47,950 - httpx - INFO - HTTP Request: POST https://api.telegram.org/bot7586081851:AAGYU8S1KY58lT2fLSqZomhxArUAjz85XEA/getUpdates "HTTP/1.1 200 OK"
2024-10-16 14:03:58,193 - httpx - INFO - HTTP Request: POST https://api.telegram.org/bot7586081851:AAGYU8S1KY58lT2fLSqZomhxArUAjz85XEA/getUpdates "HTTP/1.1 200 OK"
2024-10-16 14:04:08,423 - httpx - INFO - HTTP Request: POST https://api.telegram.org/bot7586081851:AAGYU8S1KY58lT2fLSqZomhxArUAjz85XEA/getUpdates "HTTP/1.1 200 OK"
2024-10-16 14:04:18,624 - httpx - INFO - HTTP Request: POST https://api.telegram.org/bot7586081851:AAGYU8S1KY58lT2fLSqZomhxArUAjz85XEA/getUpdates "HTTP/1.1 200 OK"
2024-10-16 14:04:28,822 - httpx - INFO - HTTP Request: POST https://api.telegram.org/bot7586081851:AAGYU8S1KY58lT2fLSqZomhxArUAjz85XEA/getUpdates "HTTP/1.1 200 OK"
2024-10-16 14:04:39,064 - httpx - INFO - HTTP Request: POST https://api.telegram.org/bot7586081851:AAGYU8S1KY58lT2fLSqZomhxArUAjz85XEA/getUpdates "HTTP/1.1 200 OK"
2024-10-16 14:04:49,240 - httpx - INFO - HTTP Request: POST https://api.telegram.org/bot7586081851:AAGYU8S1KY58lT2fLSqZomhxArUAjz85XEA/getUpdates "HTTP/1.1 200 OK"
2024-10-16 14:04:59,424 - httpx - INFO - HTTP Request: POST https://api.telegram.org/bot7586081851:AAGYU8S1KY58lT2fLSqZomhxArUAjz85XEA/getUpdates "HTTP/1.1 200 OK"
2024-10-16 14:05:09,624 - httpx - INFO - HTTP Request: POST https://api.telegram.org/bot7586081851:AAGYU8S1KY58lT2fLSqZomhxArUAjz85XEA/getUpdates "HTTP/1.1 200 OK"
2024-10-16 14:05:19,870 - httpx - INFO - HTTP Request: POST https://api.telegram.org/bot7586081851:AAGYU8S1KY58lT2fLSqZomhxArUAjz85XEA/getUpdates "HTTP/1.1 200 OK"
2024-10-16 14:05:30,063 - httpx - INFO - HTTP Request: POST https://api.telegram.org/bot7586081851:AAGYU8S1KY58lT2fLSqZomhxArUAjz85XEA/getUpdates "HTTP/1.1 200 OK"
2024-10-16 14:05:40,263 - httpx - INFO - HTTP Request: POST https://api.telegram.org/bot7586081851:AAGYU8S1KY58lT2fLSqZomhxArUAjz85XEA/getUpdates "HTTP/1.1 200 OK"
2024-10-16 14:05:50,461 - httpx - INFO - HTTP Request: POST https://api.telegram.org/bot7586081851:AAGYU8S1KY58lT2fLSqZomhxArUAjz85XEA/getUpdates "HTTP/1.1 200 OK"
2024-10-16 14:06:00,662 - httpx - INFO - HTTP Request: POST https://api.telegram.org/bot7586081851:AAGYU8S1KY58lT2fLSqZomhxArUAjz85XEA/getUpdates "HTTP/1.1 200 OK"
2024-10-16 14:06:10,901 - httpx - INFO - HTTP Request: POST https://api.telegram.org/bot7586081851:AAGYU8S1KY58lT2fLSqZomhxArUAjz85XEA/getUpdates "HTTP/1.1 200 OK"
2024-10-16 14:06:21,143 - httpx - INFO - HTTP Request: POST https://api.telegram.org/bot7586081851:AAGYU8S1KY58lT2fLSqZomhxArUAjz85XEA/getUpdates "HTTP/1.1 200 OK"
2024-10-16 14:06:31,390 - httpx - INFO - HTTP Request: POST https://api.telegram.org/bot7586081851:AAGYU8S1KY58lT2fLSqZomhxArUAjz85XEA/getUpdates "HTTP/1.1 200 OK"
2024-10-16 14:06:41,620 - httpx - INFO - HTTP Request: POST https://api.telegram.org/bot7586081851:AAGYU8S1KY58lT2fLSqZomhxArUAjz85XEA/getUpdates "HTTP/1.1 200 OK"
2024-10-16 14:06:51,831 - httpx - INFO - HTTP Request: POST https://api.telegram.org/bot7586081851:AAGYU8S1KY58lT2fLSqZomhxArUAjz85XEA/getUpdates "HTTP/1.1 200 OK"
2024-10-16 14:07:02,063 - httpx - INFO - HTTP Request: POST https://api.telegram.org/bot7586081851:AAGYU8S1KY58lT2fLSqZomhxArUAjz85XEA/getUpdates "HTTP/1.1 200 OK"
2024-10-16 14:07:12,263 - httpx - INFO - HTTP Request: POST https://api.telegram.org/bot7586081851:AAGYU8S1KY58lT2fLSqZomhxArUAjz85XEA/getUpdates "HTTP/1.1 200 OK"
2024-10-16 14:07:22,460 - httpx - INFO - HTTP Request: POST https://api.telegram.org/bot7586081851:AAGYU8S1KY58lT2fLSqZomhxArUAjz85XEA/getUpdates "HTTP/1.1 200 OK"
2024-10-16 14:07:32,675 - httpx - INFO - HTTP Request: POST https://api.telegram.org/bot7586081851:AAGYU8S1KY58lT2fLSqZomhxArUAjz85XEA/getUpdates "HTTP/1.1 200 OK"
2024-10-16 14:07:42,861 - httpx - INFO - HTTP Request: POST https://api.telegram.org/bot7586081851:AAGYU8S1KY58lT2fLSqZomhxArUAjz85XEA/getUpdates "HTTP/1.1 200 OK"
2024-10-16 14:07:53,061 - httpx - INFO - HTTP Request: POST https://api.telegram.org/bot7586081851:AAGYU8S1KY58lT2fLSqZomhxArUAjz85XEA/getUpdates "HTTP/1.1 200 OK"
2024-10-16 14:08:03,260 - httpx - INFO - HTTP Request: POST https://api.telegram.org/bot7586081851:AAGYU8S1KY58lT2fLSqZomhxArUAjz85XEA/getUpdates "HTTP/1.1 200 OK"
2024-10-16 14:08:13,469 - httpx - INFO - HTTP Request: POST https://api.telegram.org/bot7586081851:AAGYU8S1KY58lT2fLSqZomhxArUAjz85XEA/getUpdates "HTTP/1.1 200 OK"
2024-10-16 14:08:23,658 - httpx - INFO - HTTP Request: POST https://api.telegram.org/bot7586081851:AAGYU8S1KY58lT2fLSqZomhxArUAjz85XEA/getUpdates "HTTP/1.1 200 OK"
2024-10-16 14:08:33,860 - httpx - INFO - HTTP Request: POST https://api.telegram.org/bot7586081851:AAGYU8S1KY58lT2fLSqZomhxArUAjz85XEA/getUpdates "HTTP/1.1 200 OK"
2024-10-16 14:08:44,044 - httpx - INFO - HTTP Request: POST https://api.telegram.org/bot7586081851:AAGYU8S1KY58lT2fLSqZomhxArUAjz85XEA/getUpdates "HTTP/1.1 200 OK"
2024-10-16 14:08:54,260 - httpx - INFO - HTTP Request: POST https://api.telegram.org/bot7586081851:AAGYU8S1KY58lT2fLSqZomhxArUAjz85XEA/getUpdates "HTTP/1.1 200 OK"
2024-10-16 14:09:04,507 - httpx - INFO - HTTP Request: POST https://api.telegram.org/bot7586081851:AAGYU8S1KY58lT2fLSqZomhxArUAjz85XEA/getUpdates "HTTP/1.1 200 OK"
2024-10-16 14:09:14,740 - httpx - INFO - HTTP Request: POST https://api.telegram.org/bot7586081851:AAGYU8S1KY58lT2fLSqZomhxArUAjz85XEA/getUpdates "HTTP/1.1 200 OK"
2024-10-16 14:09:24,981 - httpx - INFO - HTTP Request: POST https://api.telegram.org/bot7586081851:AAGYU8S1KY58lT2fLSqZomhxArUAjz85XEA/getUpdates "HTTP/1.1 200 OK"
2024-10-16 14:09:35,219 - httpx - INFO - HTTP Request: POST https://api.telegram.org/bot7586081851:AAGYU8S1KY58lT2fLSqZomhxArUAjz85XEA/getUpdates "HTTP/1.1 200 OK"
2024-10-16 14:09:45,460 - httpx - INFO - HTTP Request: POST https://api.telegram.org/bot7586081851:AAGYU8S1KY58lT2fLSqZomhxArUAjz85XEA/getUpdates "HTTP/1.1 200 OK"
2024-10-16 14:09:55,661 - httpx - INFO - HTTP Request: POST https://api.telegram.org/bot7586081851:AAGYU8S1KY58lT2fLSqZomhxArUAjz85XEA/getUpdates "HTTP/1.1 200 OK"
2024-10-16 14:10:05,860 - httpx - INFO - HTTP Request: POST https://api.telegram.org/bot7586081851:AAGYU8S1KY58lT2fLSqZomhxArUAjz85XEA/getUpdates "HTTP/1.1 200 OK"
2024-10-16 14:10:16,061 - httpx - INFO - HTTP Request: POST https://api.telegram.org/bot7586081851:AAGYU8S1KY58lT2fLSqZomhxArUAjz85XEA/getUpdates "HTTP/1.1 200 OK"
2024-10-16 14:10:26,259 - httpx - INFO - HTTP Request: POST https://api.telegram.org/bot7586081851:AAGYU8S1KY58lT2fLSqZomhxArUAjz85XEA/getUpdates "HTTP/1.1 200 OK"
2024-10-16 14:10:51,943 - httpx - INFO - HTTP Request: POST https://api.telegram.org/bot7586081851:AAGYU8S1KY58lT2fLSqZomhxArUAjz85XEA/getUpdates "HTTP/1.1 200 OK"
2024-10-16 14:11:02,142 - httpx - INFO - HTTP Request: POST https://api.telegram.org/bot7586081851:AAGYU8S1KY58lT2fLSqZomhxArUAjz85XEA/getUpdates "HTTP/1.1 200 OK"
2024-10-16 14:11:12,333 - httpx - INFO - HTTP Request: POST https://api.telegram.org/bot7586081851:AAGYU8S1KY58lT2fLSqZomhxArUAjz85XEA/getUpdates "HTTP/1.1 200 OK"
2024-10-16 14:11:22,536 - httpx - INFO - HTTP Request: POST https://api.telegram.org/bot7586081851:AAGYU8S1KY58lT2fLSqZomhxArUAjz85XEA/getUpdates "HTTP/1.1 200 OK"
2024-10-16 14:14:14,772 - httpx - INFO - HTTP Request: POST https://api.telegram.org/bot7586081851:AAGYU8S1KY58lT2fLSqZomhxArUAjz85XEA/getUpdates "HTTP/1.1 200 OK"
2024-10-16 14:14:24,973 - httpx - INFO - HTTP Request: POST https://api.telegram.org/bot7586081851:AAGYU8S1KY58lT2fLSqZomhxArUAjz85XEA/getUpdates "HTTP/1.1 200 OK"
2024-10-16 14:14:35,167 - httpx - INFO - HTTP Request: POST https://api.telegram.org/bot7586081851:AAGYU8S1KY58lT2fLSqZomhxArUAjz85XEA/getUpdates "HTTP/1.1 200 OK"
2024-10-16 14:14:45,348 - httpx - INFO - HTTP Request: POST https://api.telegram.org/bot7586081851:AAGYU8S1KY58lT2fLSqZomhxArUAjz85XEA/getUpdates "HTTP/1.1 200 OK"
2024-10-16 14:14:55,548 - httpx - INFO - HTTP Request: POST https://api.telegram.org/bot7586081851:AAGYU8S1KY58lT2fLSqZomhxArUAjz85XEA/getUpdates "HTTP/1.1 200 OK"
2024-10-16 14:15:05,730 - httpx - INFO - HTTP Request: POST https://api.telegram.org/bot7586081851:AAGYU8S1KY58lT2fLSqZomhxArUAjz85XEA/getUpdates "HTTP/1.1 200 OK"
2024-10-16 14:15:15,930 - httpx - INFO - HTTP Request: POST https://api.telegram.org/bot7586081851:AAGYU8S1KY58lT2fLSqZomhxArUAjz85XEA/getUpdates "HTTP/1.1 200 OK"
2024-10-16 14:15:26,148 - httpx - INFO - HTTP Request: POST https://api.telegram.org/bot7586081851:AAGYU8S1KY58lT2fLSqZomhxArUAjz85XEA/getUpdates "HTTP/1.1 200 OK"
2024-10-16 14:15:36,330 - httpx - INFO - HTTP Request: POST https://api.telegram.org/bot7586081851:AAGYU8S1KY58lT2fLSqZomhxArUAjz85XEA/getUpdates "HTTP/1.1 200 OK"
2024-10-16 14:15:46,513 - httpx - INFO - HTTP Request: POST https://api.telegram.org/bot7586081851:AAGYU8S1KY58lT2fLSqZomhxArUAjz85XEA/getUpdates "HTTP/1.1 200 OK"
2024-10-16 14:15:56,728 - httpx - INFO - HTTP Request: POST https://api.telegram.org/bot7586081851:AAGYU8S1KY58lT2fLSqZomhxArUAjz85XEA/getUpdates "HTTP/1.1 200 OK"
2024-10-16 14:16:06,903 - httpx - INFO - HTTP Request: POST https://api.telegram.org/bot7586081851:AAGYU8S1KY58lT2fLSqZomhxArUAjz85XEA/getUpdates "HTTP/1.1 200 OK"
2024-10-16 14:16:18,943 - telegram.ext.Updater - ERROR - Error while getting Updates: httpx.ConnectError: [Errno 11001] getaddrinfo failed
2024-10-16 14:16:18,945 - __main__ - WARNING - Update "None" caused error "httpx.ConnectError: [Errno 11001] getaddrinfo failed"
2024-10-16 14:16:30,652 - httpx - INFO - HTTP Request: POST https://api.telegram.org/bot7586081851:AAGYU8S1KY58lT2fLSqZomhxArUAjz85XEA/getUpdates "HTTP/1.1 200 OK"
2024-10-16 14:16:40,888 - httpx - INFO - HTTP Request: POST https://api.telegram.org/bot7586081851:AAGYU8S1KY58lT2fLSqZomhxArUAjz85XEA/getUpdates "HTTP/1.1 200 OK"
2024-10-16 14:16:51,128 - httpx - INFO - HTTP Request: POST https://api.telegram.org/bot7586081851:AAGYU8S1KY58lT2fLSqZomhxArUAjz85XEA/getUpdates "HTTP/1.1 200 OK"
2024-10-16 14:17:01,369 - httpx - INFO - HTTP Request: POST https://api.telegram.org/bot7586081851:AAGYU8S1KY58lT2fLSqZomhxArUAjz85XEA/getUpdates "HTTP/1.1 200 OK"
2024-10-16 14:17:11,609 - httpx - INFO - HTTP Request: POST https://api.telegram.org/bot7586081851:AAGYU8S1KY58lT2fLSqZomhxArUAjz85XEA/getUpdates "HTTP/1.1 200 OK"
2024-10-16 14:17:21,849 - httpx - INFO - HTTP Request: POST https://api.telegram.org/bot7586081851:AAGYU8S1KY58lT2fLSqZomhxArUAjz85XEA/getUpdates "HTTP/1.1 200 OK"
2024-10-16 14:17:32,087 - httpx - INFO - HTTP Request: POST https://api.telegram.org/bot7586081851:AAGYU8S1KY58lT2fLSqZomhxArUAjz85XEA/getUpdates "HTTP/1.1 200 OK"
2024-10-16 14:17:42,327 - httpx - INFO - HTTP Request: POST https://api.telegram.org/bot7586081851:AAGYU8S1KY58lT2fLSqZomhxArUAjz85XEA/getUpdates "HTTP/1.1 200 OK"
2024-10-16 14:17:52,569 - httpx - INFO - HTTP Request: POST https://api.telegram.org/bot7586081851:AAGYU8S1KY58lT2fLSqZomhxArUAjz85XEA/getUpdates "HTTP/1.1 200 OK"
2024-10-16 14:18:02,808 - httpx - INFO - HTTP Request: POST https://api.telegram.org/bot7586081851:AAGYU8S1KY58lT2fLSqZomhxArUAjz85XEA/getUpdates "HTTP/1.1 200 OK"
2024-10-16 14:18:13,047 - httpx - INFO - HTTP Request: POST https://api.telegram.org/bot7586081851:AAGYU8S1KY58lT2fLSqZomhxArUAjz85XEA/getUpdates "HTTP/1.1 200 OK"
2024-10-16 14:18:23,276 - httpx - INFO - HTTP Request: POST https://api.telegram.org/bot7586081851:AAGYU8S1KY58lT2fLSqZomhxArUAjz85XEA/getUpdates "HTTP/1.1 200 OK"
2024-10-16 14:18:33,506 - httpx - INFO - HTTP Request: POST https://api.telegram.org/bot7586081851:AAGYU8S1KY58lT2fLSqZomhxArUAjz85XEA/getUpdates "HTTP/1.1 200 OK"
2024-10-16 14:18:43,766 - httpx - INFO - HTTP Request: POST https://api.telegram.org/bot7586081851:AAGYU8S1KY58lT2fLSqZomhxArUAjz85XEA/getUpdates "HTTP/1.1 200 OK"
2024-10-16 14:18:54,008 - httpx - INFO - HTTP Request: POST https://api.telegram.org/bot7586081851:AAGYU8S1KY58lT2fLSqZomhxArUAjz85XEA/getUpdates "HTTP/1.1 200 OK"
2024-10-16 14:19:04,236 - httpx - INFO - HTTP Request: POST https://api.telegram.org/bot7586081851:AAGYU8S1KY58lT2fLSqZomhxArUAjz85XEA/getUpdates "HTTP/1.1 200 OK"
2024-10-16 14:19:14,478 - httpx - INFO - HTTP Request: POST https://api.telegram.org/bot7586081851:AAGYU8S1KY58lT2fLSqZomhxArUAjz85XEA/getUpdates "HTTP/1.1 200 OK"
2024-10-16 14:19:24,728 - httpx - INFO - HTTP Request: POST https://api.telegram.org/bot7586081851:AAGYU8S1KY58lT2fLSqZomhxArUAjz85XEA/getUpdates "HTTP/1.1 200 OK"
2024-10-16 14:19:34,968 - httpx - INFO - HTTP Request: POST https://api.telegram.org/bot7586081851:AAGYU8S1KY58lT2fLSqZomhxArUAjz85XEA/getUpdates "HTTP/1.1 200 OK"
2024-10-16 14:19:45,207 - httpx - INFO - HTTP Request: POST https://api.telegram.org/bot7586081851:AAGYU8S1KY58lT2fLSqZomhxArUAjz85XEA/getUpdates "HTTP/1.1 200 OK"
2024-10-16 14:19:55,446 - httpx - INFO - HTTP Request: POST https://api.telegram.org/bot7586081851:AAGYU8S1KY58lT2fLSqZomhxArUAjz85XEA/getUpdates "HTTP/1.1 200 OK"
2024-10-16 14:20:05,688 - httpx - INFO - HTTP Request: POST https://api.telegram.org/bot7586081851:AAGYU8S1KY58lT2fLSqZomhxArUAjz85XEA/getUpdates "HTTP/1.1 200 OK"
2024-10-16 14:20:15,912 - httpx - INFO - HTTP Request: POST https://api.telegram.org/bot7586081851:AAGYU8S1KY58lT2fLSqZomhxArUAjz85XEA/getUpdates "HTTP/1.1 200 OK"
2024-10-16 14:20:26,166 - httpx - INFO - HTTP Request: POST https://api.telegram.org/bot7586081851:AAGYU8S1KY58lT2fLSqZomhxArUAjz85XEA/getUpdates "HTTP/1.1 200 OK"
2024-10-16 14:20:36,400 - httpx - INFO - HTTP Request: POST https://api.telegram.org/bot7586081851:AAGYU8S1KY58lT2fLSqZomhxArUAjz85XEA/getUpdates "HTTP/1.1 200 OK"
2024-10-16 14:20:46,648 - httpx - INFO - HTTP Request: POST https://api.telegram.org/bot7586081851:AAGYU8S1KY58lT2fLSqZomhxArUAjz85XEA/getUpdates "HTTP/1.1 200 OK"
2024-10-16 14:20:51,440 - telegram.ext.Application - INFO - Application is stopping. This might take a moment.
2024-10-16 14:20:51,442 - telegram.ext.Application - INFO - Application.stop() complete
